2014-09-19 10:45:12.544:INFO::Logging to STDERR via org.mortbay.log.StdErrLog
2014-09-19 10:45:12.729:INFO::jetty-6.1-SNAPSHOT
2014-09-19 10:45:12.818:INFO::Extract file:/Users/peter/Sites/development/dor-fetcher-service/jetty/webapps/solr.war to /var/folders/yf/zcbccx5s10bf_dp85y0021y40000gn/T/Jetty_0_0_0_0_8983_solr.war__solr__k1kf17/webapp
Sep 19, 2014 10:45:13 AM org.apache.solr.core.SolrResourceLoader locateSolrHome
INFO: JNDI not configured for solr (NoInitialContextEx)
Sep 19, 2014 10:45:13 AM org.apache.solr.core.SolrResourceLoader locateSolrHome
INFO: using system property solr.solr.home: /Users/peter/Sites/development/dor-fetcher-service/jetty/solr
Sep 19, 2014 10:45:13 AM org.apache.solr.core.SolrResourceLoader <init>
INFO: new SolrResourceLoader for deduced Solr Home: '/Users/peter/Sites/development/dor-fetcher-service/jetty/solr/'
Sep 19, 2014 10:45:14 AM org.apache.solr.servlet.SolrDispatchFilter init
INFO: SolrDispatchFilter.init()
Sep 19, 2014 10:45:14 AM org.apache.solr.core.SolrResourceLoader locateSolrHome
INFO: JNDI not configured for solr (NoInitialContextEx)
Sep 19, 2014 10:45:14 AM org.apache.solr.core.SolrResourceLoader locateSolrHome
INFO: using system property solr.solr.home: /Users/peter/Sites/development/dor-fetcher-service/jetty/solr
Sep 19, 2014 10:45:14 AM org.apache.solr.core.CoreContainer$Initializer initialize
INFO: looking for solr.xml: /Users/peter/Sites/development/dor-fetcher-service/jetty/solr/solr.xml
Sep 19, 2014 10:45:14 AM org.apache.solr.core.CoreContainer <init>
INFO: New CoreContainer 1583486197
Sep 19, 2014 10:45:14 AM org.apache.solr.core.CoreContainer load
INFO: Loading CoreContainer using Solr Home: '/Users/peter/Sites/development/dor-fetcher-service/jetty/solr/'
Sep 19, 2014 10:45:14 AM org.apache.solr.core.SolrResourceLoader <init>
INFO: new SolrResourceLoader for directory: '/Users/peter/Sites/development/dor-fetcher-service/jetty/solr/'
Sep 19, 2014 10:45:14 AM org.apache.solr.core.CoreContainer load
INFO: Registering Log Listener
Sep 19, 2014 10:45:14 AM org.apache.solr.core.CoreContainer load
INFO: loading shared library: /Users/peter/Sites/development/dor-fetcher-service/jetty/solr/lib
Sep 19, 2014 10:45:14 AM org.apache.solr.core.CoreContainer create
INFO: Creating SolrCore 'dev' using instanceDir: /Users/peter/Sites/development/dor-fetcher-service/jetty/solr/dev
Sep 19, 2014 10:45:14 AM org.apache.solr.core.SolrResourceLoader <init>
INFO: new SolrResourceLoader for directory: '/Users/peter/Sites/development/dor-fetcher-service/jetty/solr/dev/'
Sep 19, 2014 10:45:14 AM org.apache.solr.core.SolrResourceLoader replaceClassLoader
INFO: Adding 'file:/Users/peter/Sites/development/dor-fetcher-service/jetty/solr/dev/lib/apache-solr-analysis-extras-3.5.0.jar' to classloader
Sep 19, 2014 10:45:14 AM org.apache.solr.core.SolrResourceLoader replaceClassLoader
INFO: Adding 'file:/Users/peter/Sites/development/dor-fetcher-service/jetty/solr/dev/lib/apache-solr-analysis-extras-4.0.0.jar' to classloader
Sep 19, 2014 10:45:14 AM org.apache.solr.core.SolrResourceLoader replaceClassLoader
INFO: Adding 'file:/Users/peter/Sites/development/dor-fetcher-service/jetty/solr/dev/lib/apache-solr-clustering-3.5.0.jar' to classloader
Sep 19, 2014 10:45:14 AM org.apache.solr.core.SolrResourceLoader replaceClassLoader
INFO: Adding 'file:/Users/peter/Sites/development/dor-fetcher-service/jetty/solr/dev/lib/apache-solr-langid-3.5.0.jar' to classloader
Sep 19, 2014 10:45:14 AM org.apache.solr.core.SolrResourceLoader replaceClassLoader
INFO: Adding 'file:/Users/peter/Sites/development/dor-fetcher-service/jetty/solr/dev/lib/apache-solr-velocity-3.5.0.jar' to classloader
Sep 19, 2014 10:45:14 AM org.apache.solr.core.SolrResourceLoader replaceClassLoader
INFO: Adding 'file:/Users/peter/Sites/development/dor-fetcher-service/jetty/solr/dev/lib/icu4j-49.1.jar' to classloader
Sep 19, 2014 10:45:14 AM org.apache.solr.core.SolrResourceLoader replaceClassLoader
INFO: Adding 'file:/Users/peter/Sites/development/dor-fetcher-service/jetty/solr/dev/lib/jetty-continuation-8.1.2.v20120308.jar' to classloader
Sep 19, 2014 10:45:14 AM org.apache.solr.core.SolrResourceLoader replaceClassLoader
INFO: Adding 'file:/Users/peter/Sites/development/dor-fetcher-service/jetty/solr/dev/lib/jetty-deploy-8.1.2.v20120308.jar' to classloader
Sep 19, 2014 10:45:14 AM org.apache.solr.core.SolrResourceLoader replaceClassLoader
INFO: Adding 'file:/Users/peter/Sites/development/dor-fetcher-service/jetty/solr/dev/lib/jetty-http-8.1.2.v20120308.jar' to classloader
Sep 19, 2014 10:45:14 AM org.apache.solr.core.SolrResourceLoader replaceClassLoader
INFO: Adding 'file:/Users/peter/Sites/development/dor-fetcher-service/jetty/solr/dev/lib/jetty-io-8.1.2.v20120308.jar' to classloader
Sep 19, 2014 10:45:14 AM org.apache.solr.core.SolrResourceLoader replaceClassLoader
INFO: Adding 'file:/Users/peter/Sites/development/dor-fetcher-service/jetty/solr/dev/lib/jetty-jmx-8.1.2.v20120308.jar' to classloader
Sep 19, 2014 10:45:14 AM org.apache.solr.core.SolrResourceLoader replaceClassLoader
INFO: Adding 'file:/Users/peter/Sites/development/dor-fetcher-service/jetty/solr/dev/lib/jetty-security-8.1.2.v20120308.jar' to classloader
Sep 19, 2014 10:45:14 AM org.apache.solr.core.SolrResourceLoader replaceClassLoader
INFO: Adding 'file:/Users/peter/Sites/development/dor-fetcher-service/jetty/solr/dev/lib/jetty-server-8.1.2.v20120308.jar' to classloader
Sep 19, 2014 10:45:14 AM org.apache.solr.core.SolrResourceLoader replaceClassLoader
INFO: Adding 'file:/Users/peter/Sites/development/dor-fetcher-service/jetty/solr/dev/lib/jetty-servlet-8.1.2.v20120308.jar' to classloader
Sep 19, 2014 10:45:14 AM org.apache.solr.core.SolrResourceLoader replaceClassLoader
INFO: Adding 'file:/Users/peter/Sites/development/dor-fetcher-service/jetty/solr/dev/lib/jetty-util-8.1.2.v20120308.jar' to classloader
Sep 19, 2014 10:45:14 AM org.apache.solr.core.SolrResourceLoader replaceClassLoader
INFO: Adding 'file:/Users/peter/Sites/development/dor-fetcher-service/jetty/solr/dev/lib/jetty-webapp-8.1.2.v20120308.jar' to classloader
Sep 19, 2014 10:45:14 AM org.apache.solr.core.SolrResourceLoader replaceClassLoader
INFO: Adding 'file:/Users/peter/Sites/development/dor-fetcher-service/jetty/solr/dev/lib/jetty-xml-8.1.2.v20120308.jar' to classloader
Sep 19, 2014 10:45:14 AM org.apache.solr.core.SolrResourceLoader replaceClassLoader
INFO: Adding 'file:/Users/peter/Sites/development/dor-fetcher-service/jetty/solr/dev/lib/lucene-analyzers-icu-4.0.0.jar' to classloader
Sep 19, 2014 10:45:14 AM org.apache.solr.core.SolrResourceLoader replaceClassLoader
INFO: Adding 'file:/Users/peter/Sites/development/dor-fetcher-service/jetty/solr/dev/lib/lucene-analyzers-morfologik-4.0.0.jar' to classloader
Sep 19, 2014 10:45:14 AM org.apache.solr.core.SolrResourceLoader replaceClassLoader
INFO: Adding 'file:/Users/peter/Sites/development/dor-fetcher-service/jetty/solr/dev/lib/lucene-analyzers-smartcn-4.0.0.jar' to classloader
Sep 19, 2014 10:45:14 AM org.apache.solr.core.SolrResourceLoader replaceClassLoader
INFO: Adding 'file:/Users/peter/Sites/development/dor-fetcher-service/jetty/solr/dev/lib/lucene-analyzers-stempel-4.0.0.jar' to classloader
Sep 19, 2014 10:45:14 AM org.apache.solr.core.SolrResourceLoader replaceClassLoader
INFO: Adding 'file:/Users/peter/Sites/development/dor-fetcher-service/jetty/solr/dev/lib/morfologik-fsa-1.5.3.jar' to classloader
Sep 19, 2014 10:45:14 AM org.apache.solr.core.SolrResourceLoader replaceClassLoader
INFO: Adding 'file:/Users/peter/Sites/development/dor-fetcher-service/jetty/solr/dev/lib/morfologik-polish-1.5.3.jar' to classloader
Sep 19, 2014 10:45:14 AM org.apache.solr.core.SolrResourceLoader replaceClassLoader
INFO: Adding 'file:/Users/peter/Sites/development/dor-fetcher-service/jetty/solr/dev/lib/morfologik-stemming-1.5.3.jar' to classloader
Sep 19, 2014 10:45:14 AM org.apache.solr.core.SolrResourceLoader replaceClassLoader
INFO: Adding 'file:/Users/peter/Sites/development/dor-fetcher-service/jetty/solr/dev/lib/servlet-api-3.0.jar' to classloader
Sep 19, 2014 10:45:14 AM org.apache.solr.core.SolrConfig initLibs
INFO: Adding specified lib dirs to ClassLoader
Sep 19, 2014 10:45:14 AM org.apache.solr.core.SolrResourceLoader replaceClassLoader
INFO: Adding 'file:/Users/peter/Sites/development/dor-fetcher-service/jetty/solr/dev/lib/apache-solr-analysis-extras-3.5.0.jar' to classloader
Sep 19, 2014 10:45:14 AM org.apache.solr.core.SolrResourceLoader replaceClassLoader
INFO: Adding 'file:/Users/peter/Sites/development/dor-fetcher-service/jetty/solr/dev/lib/apache-solr-analysis-extras-4.0.0.jar' to classloader
Sep 19, 2014 10:45:14 AM org.apache.solr.core.SolrResourceLoader replaceClassLoader
INFO: Adding 'file:/Users/peter/Sites/development/dor-fetcher-service/jetty/solr/dev/lib/apache-solr-clustering-3.5.0.jar' to classloader
Sep 19, 2014 10:45:14 AM org.apache.solr.core.SolrResourceLoader replaceClassLoader
INFO: Adding 'file:/Users/peter/Sites/development/dor-fetcher-service/jetty/solr/dev/lib/apache-solr-langid-3.5.0.jar' to classloader
Sep 19, 2014 10:45:14 AM org.apache.solr.core.SolrResourceLoader replaceClassLoader
INFO: Adding 'file:/Users/peter/Sites/development/dor-fetcher-service/jetty/solr/dev/lib/apache-solr-velocity-3.5.0.jar' to classloader
Sep 19, 2014 10:45:14 AM org.apache.solr.core.SolrResourceLoader replaceClassLoader
INFO: Adding 'file:/Users/peter/Sites/development/dor-fetcher-service/jetty/solr/dev/lib/icu4j-49.1.jar' to classloader
Sep 19, 2014 10:45:14 AM org.apache.solr.core.SolrResourceLoader replaceClassLoader
INFO: Adding 'file:/Users/peter/Sites/development/dor-fetcher-service/jetty/solr/dev/lib/jetty-continuation-8.1.2.v20120308.jar' to classloader
Sep 19, 2014 10:45:14 AM org.apache.solr.core.SolrResourceLoader replaceClassLoader
INFO: Adding 'file:/Users/peter/Sites/development/dor-fetcher-service/jetty/solr/dev/lib/jetty-deploy-8.1.2.v20120308.jar' to classloader
Sep 19, 2014 10:45:14 AM org.apache.solr.core.SolrResourceLoader replaceClassLoader
INFO: Adding 'file:/Users/peter/Sites/development/dor-fetcher-service/jetty/solr/dev/lib/jetty-http-8.1.2.v20120308.jar' to classloader
Sep 19, 2014 10:45:14 AM org.apache.solr.core.SolrResourceLoader replaceClassLoader
INFO: Adding 'file:/Users/peter/Sites/development/dor-fetcher-service/jetty/solr/dev/lib/jetty-io-8.1.2.v20120308.jar' to classloader
Sep 19, 2014 10:45:14 AM org.apache.solr.core.SolrResourceLoader replaceClassLoader
INFO: Adding 'file:/Users/peter/Sites/development/dor-fetcher-service/jetty/solr/dev/lib/jetty-jmx-8.1.2.v20120308.jar' to classloader
Sep 19, 2014 10:45:14 AM org.apache.solr.core.SolrResourceLoader replaceClassLoader
INFO: Adding 'file:/Users/peter/Sites/development/dor-fetcher-service/jetty/solr/dev/lib/jetty-security-8.1.2.v20120308.jar' to classloader
Sep 19, 2014 10:45:14 AM org.apache.solr.core.SolrResourceLoader replaceClassLoader
INFO: Adding 'file:/Users/peter/Sites/development/dor-fetcher-service/jetty/solr/dev/lib/jetty-server-8.1.2.v20120308.jar' to classloader
Sep 19, 2014 10:45:14 AM org.apache.solr.core.SolrResourceLoader replaceClassLoader
INFO: Adding 'file:/Users/peter/Sites/development/dor-fetcher-service/jetty/solr/dev/lib/jetty-servlet-8.1.2.v20120308.jar' to classloader
Sep 19, 2014 10:45:14 AM org.apache.solr.core.SolrResourceLoader replaceClassLoader
INFO: Adding 'file:/Users/peter/Sites/development/dor-fetcher-service/jetty/solr/dev/lib/jetty-util-8.1.2.v20120308.jar' to classloader
Sep 19, 2014 10:45:14 AM org.apache.solr.core.SolrResourceLoader replaceClassLoader
INFO: Adding 'file:/Users/peter/Sites/development/dor-fetcher-service/jetty/solr/dev/lib/jetty-webapp-8.1.2.v20120308.jar' to classloader
Sep 19, 2014 10:45:14 AM org.apache.solr.core.SolrResourceLoader replaceClassLoader
INFO: Adding 'file:/Users/peter/Sites/development/dor-fetcher-service/jetty/solr/dev/lib/jetty-xml-8.1.2.v20120308.jar' to classloader
Sep 19, 2014 10:45:14 AM org.apache.solr.core.SolrResourceLoader replaceClassLoader
INFO: Adding 'file:/Users/peter/Sites/development/dor-fetcher-service/jetty/solr/dev/lib/lucene-analyzers-icu-4.0.0.jar' to classloader
Sep 19, 2014 10:45:14 AM org.apache.solr.core.SolrResourceLoader replaceClassLoader
INFO: Adding 'file:/Users/peter/Sites/development/dor-fetcher-service/jetty/solr/dev/lib/lucene-analyzers-morfologik-4.0.0.jar' to classloader
Sep 19, 2014 10:45:14 AM org.apache.solr.core.SolrResourceLoader replaceClassLoader
INFO: Adding 'file:/Users/peter/Sites/development/dor-fetcher-service/jetty/solr/dev/lib/lucene-analyzers-smartcn-4.0.0.jar' to classloader
Sep 19, 2014 10:45:14 AM org.apache.solr.core.SolrResourceLoader replaceClassLoader
INFO: Adding 'file:/Users/peter/Sites/development/dor-fetcher-service/jetty/solr/dev/lib/lucene-analyzers-stempel-4.0.0.jar' to classloader
Sep 19, 2014 10:45:14 AM org.apache.solr.core.SolrResourceLoader replaceClassLoader
INFO: Adding 'file:/Users/peter/Sites/development/dor-fetcher-service/jetty/solr/dev/lib/morfologik-fsa-1.5.3.jar' to classloader
Sep 19, 2014 10:45:14 AM org.apache.solr.core.SolrResourceLoader replaceClassLoader
INFO: Adding 'file:/Users/peter/Sites/development/dor-fetcher-service/jetty/solr/dev/lib/morfologik-polish-1.5.3.jar' to classloader
Sep 19, 2014 10:45:14 AM org.apache.solr.core.SolrResourceLoader replaceClassLoader
INFO: Adding 'file:/Users/peter/Sites/development/dor-fetcher-service/jetty/solr/dev/lib/morfologik-stemming-1.5.3.jar' to classloader
Sep 19, 2014 10:45:14 AM org.apache.solr.core.SolrResourceLoader replaceClassLoader
INFO: Adding 'file:/Users/peter/Sites/development/dor-fetcher-service/jetty/solr/dev/lib/servlet-api-3.0.jar' to classloader
Sep 19, 2014 10:45:14 AM org.apache.solr.core.SolrConfig <init>
INFO: Using Lucene MatchVersion: LUCENE_40
Sep 19, 2014 10:45:14 AM org.apache.solr.core.SolrConfig <init>
INFO: Loaded SolrConfig: solrconfig.xml
Sep 19, 2014 10:45:14 AM org.apache.solr.schema.IndexSchema readSchema
INFO: Reading Solr Schema
Sep 19, 2014 10:45:14 AM org.apache.solr.schema.IndexSchema readSchema
INFO: Schema name=revs
Sep 19, 2014 10:45:14 AM org.apache.solr.schema.IndexSchema readSchema
INFO: default search field in schema is text
Sep 19, 2014 10:45:14 AM org.apache.solr.schema.IndexSchema readSchema
INFO: query parser default operator is AND
Sep 19, 2014 10:45:14 AM org.apache.solr.schema.IndexSchema readSchema
INFO: unique key field: id
Sep 19, 2014 10:45:14 AM org.apache.solr.core.SolrCore <init>
INFO: [dev] Opening new SolrCore at /Users/peter/Sites/development/dor-fetcher-service/jetty/solr/dev/, dataDir=/Users/peter/Sites/development/dor-fetcher-service/jetty/solr/dev/data/
Sep 19, 2014 10:45:14 AM org.apache.solr.core.SolrCore <init>
INFO: JMX monitoring not detected for core: dev
Sep 19, 2014 10:45:14 AM org.apache.solr.core.SolrCore getNewIndexDir
WARNING: New index directory detected: old=null new=/Users/peter/Sites/development/dor-fetcher-service/jetty/solr/dev/data/index/
Sep 19, 2014 10:45:14 AM org.apache.solr.core.CachingDirectoryFactory get
INFO: return new directory for /Users/peter/Sites/development/dor-fetcher-service/jetty/solr/dev/data/index forceNew:false
Sep 19, 2014 10:45:14 AM org.apache.solr.core.RequestHandlers initHandlersFromConfig
INFO: created /get: solr.RealTimeGetHandler
Sep 19, 2014 10:45:14 AM org.apache.solr.core.RequestHandlers initHandlersFromConfig
INFO: adding lazy requestHandler: solr.ReplicationHandler
Sep 19, 2014 10:45:14 AM org.apache.solr.core.RequestHandlers initHandlersFromConfig
INFO: created /replication: solr.ReplicationHandler
Sep 19, 2014 10:45:14 AM org.apache.solr.core.RequestHandlers initHandlersFromConfig
INFO: created standard: solr.StandardRequestHandler
Sep 19, 2014 10:45:14 AM org.apache.solr.core.RequestHandlers initHandlersFromConfig
INFO: adding lazy requestHandler: solr.FieldAnalysisRequestHandler
Sep 19, 2014 10:45:14 AM org.apache.solr.core.RequestHandlers initHandlersFromConfig
INFO: created /analysis/field: solr.FieldAnalysisRequestHandler
Sep 19, 2014 10:45:14 AM org.apache.solr.core.RequestHandlers initHandlersFromConfig
INFO: created /update: solr.UpdateRequestHandler
Sep 19, 2014 10:45:14 AM org.apache.solr.core.RequestHandlers initHandlersFromConfig
INFO: created /admin/: org.apache.solr.handler.admin.AdminHandlers
Sep 19, 2014 10:45:14 AM org.apache.solr.core.RequestHandlers initHandlersFromConfig
INFO: created /admin/ping: solr.PingRequestHandler
Sep 19, 2014 10:45:14 AM org.apache.solr.handler.loader.XMLLoader init
INFO: xsltCacheLifetimeSeconds=60
Sep 19, 2014 10:45:15 AM org.apache.solr.search.SolrIndexSearcher <init>
INFO: Opening Searcher@19c6866d main
Sep 19, 2014 10:45:15 AM org.apache.solr.update.CommitTracker <init>
INFO: Hard AutoCommit: disabled
Sep 19, 2014 10:45:15 AM org.apache.solr.update.CommitTracker <init>
INFO: Soft AutoCommit: disabled
Sep 19, 2014 10:45:15 AM org.apache.solr.handler.component.HttpShardHandlerFactory getParameter
INFO: Setting socketTimeout to: 0
Sep 19, 2014 10:45:15 AM org.apache.solr.handler.component.HttpShardHandlerFactory getParameter
INFO: Setting urlScheme to: http://
Sep 19, 2014 10:45:15 AM org.apache.solr.handler.component.HttpShardHandlerFactory getParameter
INFO: Setting connTimeout to: 0
Sep 19, 2014 10:45:15 AM org.apache.solr.handler.component.HttpShardHandlerFactory getParameter
INFO: Setting maxConnectionsPerHost to: 20
Sep 19, 2014 10:45:15 AM org.apache.solr.handler.component.HttpShardHandlerFactory getParameter
INFO: Setting corePoolSize to: 0
Sep 19, 2014 10:45:15 AM org.apache.solr.handler.component.HttpShardHandlerFactory getParameter
INFO: Setting maximumPoolSize to: 2147483647
Sep 19, 2014 10:45:15 AM org.apache.solr.handler.component.HttpShardHandlerFactory getParameter
INFO: Setting maxThreadIdleTime to: 5
Sep 19, 2014 10:45:15 AM org.apache.solr.handler.component.HttpShardHandlerFactory getParameter
INFO: Setting sizeOfQueue to: -1
Sep 19, 2014 10:45:15 AM org.apache.solr.handler.component.HttpShardHandlerFactory getParameter
INFO: Setting fairnessPolicy to: false
Sep 19, 2014 10:45:15 AM org.apache.solr.client.solrj.impl.HttpClientUtil createClient
INFO: Creating new http client, config:maxConnectionsPerHost=20&maxConnections=10000&socketTimeout=0&connTimeout=0&retry=false
Sep 19, 2014 10:45:15 AM org.apache.solr.core.SolrCore registerSearcher
INFO: [dev] Registered new searcher Searcher@19c6866d main{StandardDirectoryReader(segments_1l9:7597 _1ky(4.0.0.2):C19/8 _1lk(4.0.0.2):C1 _1lo(4.0.0.2):C1 _1lp(4.0.0.2):C1 _1lq(4.0.0.2):C1 _1lr(4.0.0.2):C1 _1lx(4.0.0.2):C1 _1m0(4.0.0.2):C1 _1m5(4.0.0.2):C1)}
Sep 19, 2014 10:45:15 AM org.apache.solr.core.CoreContainer register
INFO: registering core: dev
Sep 19, 2014 10:45:15 AM org.apache.solr.core.CoreContainer create
INFO: Creating SolrCore 'test' using instanceDir: /Users/peter/Sites/development/dor-fetcher-service/jetty/solr/test
Sep 19, 2014 10:45:15 AM org.apache.solr.core.SolrResourceLoader <init>
INFO: new SolrResourceLoader for directory: '/Users/peter/Sites/development/dor-fetcher-service/jetty/solr/test/'
Sep 19, 2014 10:45:15 AM org.apache.solr.core.SolrResourceLoader replaceClassLoader
INFO: Adding 'file:/Users/peter/Sites/development/dor-fetcher-service/jetty/solr/test/lib/apache-solr-analysis-extras-3.5.0.jar' to classloader
Sep 19, 2014 10:45:15 AM org.apache.solr.core.SolrResourceLoader replaceClassLoader
INFO: Adding 'file:/Users/peter/Sites/development/dor-fetcher-service/jetty/solr/test/lib/apache-solr-analysis-extras-4.0.0.jar' to classloader
Sep 19, 2014 10:45:15 AM org.apache.solr.core.SolrResourceLoader replaceClassLoader
INFO: Adding 'file:/Users/peter/Sites/development/dor-fetcher-service/jetty/solr/test/lib/apache-solr-clustering-3.5.0.jar' to classloader
Sep 19, 2014 10:45:15 AM org.apache.solr.core.SolrResourceLoader replaceClassLoader
INFO: Adding 'file:/Users/peter/Sites/development/dor-fetcher-service/jetty/solr/test/lib/apache-solr-langid-3.5.0.jar' to classloader
Sep 19, 2014 10:45:15 AM org.apache.solr.core.SolrResourceLoader replaceClassLoader
INFO: Adding 'file:/Users/peter/Sites/development/dor-fetcher-service/jetty/solr/test/lib/apache-solr-velocity-3.5.0.jar' to classloader
Sep 19, 2014 10:45:15 AM org.apache.solr.core.SolrResourceLoader replaceClassLoader
INFO: Adding 'file:/Users/peter/Sites/development/dor-fetcher-service/jetty/solr/test/lib/icu4j-49.1.jar' to classloader
Sep 19, 2014 10:45:15 AM org.apache.solr.core.SolrResourceLoader replaceClassLoader
INFO: Adding 'file:/Users/peter/Sites/development/dor-fetcher-service/jetty/solr/test/lib/jetty-continuation-8.1.2.v20120308.jar' to classloader
Sep 19, 2014 10:45:15 AM org.apache.solr.core.SolrResourceLoader replaceClassLoader
INFO: Adding 'file:/Users/peter/Sites/development/dor-fetcher-service/jetty/solr/test/lib/jetty-deploy-8.1.2.v20120308.jar' to classloader
Sep 19, 2014 10:45:15 AM org.apache.solr.core.SolrResourceLoader replaceClassLoader
INFO: Adding 'file:/Users/peter/Sites/development/dor-fetcher-service/jetty/solr/test/lib/jetty-http-8.1.2.v20120308.jar' to classloader
Sep 19, 2014 10:45:15 AM org.apache.solr.core.SolrResourceLoader replaceClassLoader
INFO: Adding 'file:/Users/peter/Sites/development/dor-fetcher-service/jetty/solr/test/lib/jetty-io-8.1.2.v20120308.jar' to classloader
Sep 19, 2014 10:45:15 AM org.apache.solr.core.SolrResourceLoader replaceClassLoader
INFO: Adding 'file:/Users/peter/Sites/development/dor-fetcher-service/jetty/solr/test/lib/jetty-jmx-8.1.2.v20120308.jar' to classloader
Sep 19, 2014 10:45:15 AM org.apache.solr.core.SolrResourceLoader replaceClassLoader
INFO: Adding 'file:/Users/peter/Sites/development/dor-fetcher-service/jetty/solr/test/lib/jetty-security-8.1.2.v20120308.jar' to classloader
Sep 19, 2014 10:45:15 AM org.apache.solr.core.SolrResourceLoader replaceClassLoader
INFO: Adding 'file:/Users/peter/Sites/development/dor-fetcher-service/jetty/solr/test/lib/jetty-server-8.1.2.v20120308.jar' to classloader
Sep 19, 2014 10:45:15 AM org.apache.solr.core.SolrResourceLoader replaceClassLoader
INFO: Adding 'file:/Users/peter/Sites/development/dor-fetcher-service/jetty/solr/test/lib/jetty-servlet-8.1.2.v20120308.jar' to classloader
Sep 19, 2014 10:45:15 AM org.apache.solr.core.SolrResourceLoader replaceClassLoader
INFO: Adding 'file:/Users/peter/Sites/development/dor-fetcher-service/jetty/solr/test/lib/jetty-util-8.1.2.v20120308.jar' to classloader
Sep 19, 2014 10:45:15 AM org.apache.solr.core.SolrResourceLoader replaceClassLoader
INFO: Adding 'file:/Users/peter/Sites/development/dor-fetcher-service/jetty/solr/test/lib/jetty-webapp-8.1.2.v20120308.jar' to classloader
Sep 19, 2014 10:45:15 AM org.apache.solr.core.SolrResourceLoader replaceClassLoader
INFO: Adding 'file:/Users/peter/Sites/development/dor-fetcher-service/jetty/solr/test/lib/jetty-xml-8.1.2.v20120308.jar' to classloader
Sep 19, 2014 10:45:15 AM org.apache.solr.core.SolrResourceLoader replaceClassLoader
INFO: Adding 'file:/Users/peter/Sites/development/dor-fetcher-service/jetty/solr/test/lib/lucene-analyzers-icu-4.0.0.jar' to classloader
Sep 19, 2014 10:45:15 AM org.apache.solr.core.SolrResourceLoader replaceClassLoader
INFO: Adding 'file:/Users/peter/Sites/development/dor-fetcher-service/jetty/solr/test/lib/lucene-analyzers-morfologik-4.0.0.jar' to classloader
Sep 19, 2014 10:45:15 AM org.apache.solr.core.SolrResourceLoader replaceClassLoader
INFO: Adding 'file:/Users/peter/Sites/development/dor-fetcher-service/jetty/solr/test/lib/lucene-analyzers-smartcn-4.0.0.jar' to classloader
Sep 19, 2014 10:45:15 AM org.apache.solr.core.SolrResourceLoader replaceClassLoader
INFO: Adding 'file:/Users/peter/Sites/development/dor-fetcher-service/jetty/solr/test/lib/lucene-analyzers-stempel-4.0.0.jar' to classloader
Sep 19, 2014 10:45:15 AM org.apache.solr.core.SolrResourceLoader replaceClassLoader
INFO: Adding 'file:/Users/peter/Sites/development/dor-fetcher-service/jetty/solr/test/lib/morfologik-fsa-1.5.3.jar' to classloader
Sep 19, 2014 10:45:15 AM org.apache.solr.core.SolrResourceLoader replaceClassLoader
INFO: Adding 'file:/Users/peter/Sites/development/dor-fetcher-service/jetty/solr/test/lib/morfologik-polish-1.5.3.jar' to classloader
Sep 19, 2014 10:45:15 AM org.apache.solr.core.SolrResourceLoader replaceClassLoader
INFO: Adding 'file:/Users/peter/Sites/development/dor-fetcher-service/jetty/solr/test/lib/morfologik-stemming-1.5.3.jar' to classloader
Sep 19, 2014 10:45:15 AM org.apache.solr.core.SolrResourceLoader replaceClassLoader
INFO: Adding 'file:/Users/peter/Sites/development/dor-fetcher-service/jetty/solr/test/lib/servlet-api-3.0.jar' to classloader
Sep 19, 2014 10:45:15 AM org.apache.solr.core.SolrConfig initLibs
INFO: Adding specified lib dirs to ClassLoader
Sep 19, 2014 10:45:15 AM org.apache.solr.core.SolrResourceLoader replaceClassLoader
INFO: Adding 'file:/Users/peter/Sites/development/dor-fetcher-service/jetty/solr/test/lib/apache-solr-analysis-extras-3.5.0.jar' to classloader
Sep 19, 2014 10:45:15 AM org.apache.solr.core.SolrResourceLoader replaceClassLoader
INFO: Adding 'file:/Users/peter/Sites/development/dor-fetcher-service/jetty/solr/test/lib/apache-solr-analysis-extras-4.0.0.jar' to classloader
Sep 19, 2014 10:45:15 AM org.apache.solr.core.SolrResourceLoader replaceClassLoader
INFO: Adding 'file:/Users/peter/Sites/development/dor-fetcher-service/jetty/solr/test/lib/apache-solr-clustering-3.5.0.jar' to classloader
Sep 19, 2014 10:45:15 AM org.apache.solr.core.SolrResourceLoader replaceClassLoader
INFO: Adding 'file:/Users/peter/Sites/development/dor-fetcher-service/jetty/solr/test/lib/apache-solr-langid-3.5.0.jar' to classloader
Sep 19, 2014 10:45:15 AM org.apache.solr.core.SolrResourceLoader replaceClassLoader
INFO: Adding 'file:/Users/peter/Sites/development/dor-fetcher-service/jetty/solr/test/lib/apache-solr-velocity-3.5.0.jar' to classloader
Sep 19, 2014 10:45:15 AM org.apache.solr.core.SolrResourceLoader replaceClassLoader
INFO: Adding 'file:/Users/peter/Sites/development/dor-fetcher-service/jetty/solr/test/lib/icu4j-49.1.jar' to classloader
Sep 19, 2014 10:45:15 AM org.apache.solr.core.SolrResourceLoader replaceClassLoader
INFO: Adding 'file:/Users/peter/Sites/development/dor-fetcher-service/jetty/solr/test/lib/jetty-continuation-8.1.2.v20120308.jar' to classloader
Sep 19, 2014 10:45:15 AM org.apache.solr.core.SolrResourceLoader replaceClassLoader
INFO: Adding 'file:/Users/peter/Sites/development/dor-fetcher-service/jetty/solr/test/lib/jetty-deploy-8.1.2.v20120308.jar' to classloader
Sep 19, 2014 10:45:15 AM org.apache.solr.core.SolrResourceLoader replaceClassLoader
INFO: Adding 'file:/Users/peter/Sites/development/dor-fetcher-service/jetty/solr/test/lib/jetty-http-8.1.2.v20120308.jar' to classloader
Sep 19, 2014 10:45:15 AM org.apache.solr.core.SolrResourceLoader replaceClassLoader
INFO: Adding 'file:/Users/peter/Sites/development/dor-fetcher-service/jetty/solr/test/lib/jetty-io-8.1.2.v20120308.jar' to classloader
Sep 19, 2014 10:45:15 AM org.apache.solr.core.SolrResourceLoader replaceClassLoader
INFO: Adding 'file:/Users/peter/Sites/development/dor-fetcher-service/jetty/solr/test/lib/jetty-jmx-8.1.2.v20120308.jar' to classloader
Sep 19, 2014 10:45:15 AM org.apache.solr.core.SolrResourceLoader replaceClassLoader
INFO: Adding 'file:/Users/peter/Sites/development/dor-fetcher-service/jetty/solr/test/lib/jetty-security-8.1.2.v20120308.jar' to classloader
Sep 19, 2014 10:45:15 AM org.apache.solr.core.SolrResourceLoader replaceClassLoader
INFO: Adding 'file:/Users/peter/Sites/development/dor-fetcher-service/jetty/solr/test/lib/jetty-server-8.1.2.v20120308.jar' to classloader
Sep 19, 2014 10:45:15 AM org.apache.solr.core.SolrResourceLoader replaceClassLoader
INFO: Adding 'file:/Users/peter/Sites/development/dor-fetcher-service/jetty/solr/test/lib/jetty-servlet-8.1.2.v20120308.jar' to classloader
Sep 19, 2014 10:45:15 AM org.apache.solr.core.SolrResourceLoader replaceClassLoader
INFO: Adding 'file:/Users/peter/Sites/development/dor-fetcher-service/jetty/solr/test/lib/jetty-util-8.1.2.v20120308.jar' to classloader
Sep 19, 2014 10:45:15 AM org.apache.solr.core.SolrResourceLoader replaceClassLoader
INFO: Adding 'file:/Users/peter/Sites/development/dor-fetcher-service/jetty/solr/test/lib/jetty-webapp-8.1.2.v20120308.jar' to classloader
Sep 19, 2014 10:45:15 AM org.apache.solr.core.SolrResourceLoader replaceClassLoader
INFO: Adding 'file:/Users/peter/Sites/development/dor-fetcher-service/jetty/solr/test/lib/jetty-xml-8.1.2.v20120308.jar' to classloader
Sep 19, 2014 10:45:15 AM org.apache.solr.core.SolrResourceLoader replaceClassLoader
INFO: Adding 'file:/Users/peter/Sites/development/dor-fetcher-service/jetty/solr/test/lib/lucene-analyzers-icu-4.0.0.jar' to classloader
Sep 19, 2014 10:45:15 AM org.apache.solr.core.SolrResourceLoader replaceClassLoader
INFO: Adding 'file:/Users/peter/Sites/development/dor-fetcher-service/jetty/solr/test/lib/lucene-analyzers-morfologik-4.0.0.jar' to classloader
Sep 19, 2014 10:45:15 AM org.apache.solr.core.SolrResourceLoader replaceClassLoader
INFO: Adding 'file:/Users/peter/Sites/development/dor-fetcher-service/jetty/solr/test/lib/lucene-analyzers-smartcn-4.0.0.jar' to classloader
Sep 19, 2014 10:45:15 AM org.apache.solr.core.SolrResourceLoader replaceClassLoader
INFO: Adding 'file:/Users/peter/Sites/development/dor-fetcher-service/jetty/solr/test/lib/lucene-analyzers-stempel-4.0.0.jar' to classloader
Sep 19, 2014 10:45:15 AM org.apache.solr.core.SolrResourceLoader replaceClassLoader
INFO: Adding 'file:/Users/peter/Sites/development/dor-fetcher-service/jetty/solr/test/lib/morfologik-fsa-1.5.3.jar' to classloader
Sep 19, 2014 10:45:15 AM org.apache.solr.core.SolrResourceLoader replaceClassLoader
INFO: Adding 'file:/Users/peter/Sites/development/dor-fetcher-service/jetty/solr/test/lib/morfologik-polish-1.5.3.jar' to classloader
Sep 19, 2014 10:45:15 AM org.apache.solr.core.SolrResourceLoader replaceClassLoader
INFO: Adding 'file:/Users/peter/Sites/development/dor-fetcher-service/jetty/solr/test/lib/morfologik-stemming-1.5.3.jar' to classloader
Sep 19, 2014 10:45:15 AM org.apache.solr.core.SolrResourceLoader replaceClassLoader
INFO: Adding 'file:/Users/peter/Sites/development/dor-fetcher-service/jetty/solr/test/lib/servlet-api-3.0.jar' to classloader
Sep 19, 2014 10:45:15 AM org.apache.solr.core.SolrConfig <init>
INFO: Using Lucene MatchVersion: LUCENE_40
Sep 19, 2014 10:45:15 AM org.apache.solr.core.SolrConfig <init>
INFO: Loaded SolrConfig: solrconfig.xml
Sep 19, 2014 10:45:15 AM org.apache.solr.schema.IndexSchema readSchema
INFO: Reading Solr Schema
Sep 19, 2014 10:45:15 AM org.apache.solr.schema.IndexSchema readSchema
INFO: Schema name=revs
Sep 19, 2014 10:45:15 AM org.apache.solr.schema.IndexSchema readSchema
INFO: default search field in schema is text
Sep 19, 2014 10:45:15 AM org.apache.solr.schema.IndexSchema readSchema
INFO: query parser default operator is AND
Sep 19, 2014 10:45:15 AM org.apache.solr.schema.IndexSchema readSchema
INFO: unique key field: id
Sep 19, 2014 10:45:15 AM org.apache.solr.core.SolrCore <init>
INFO: [test] Opening new SolrCore at /Users/peter/Sites/development/dor-fetcher-service/jetty/solr/test/, dataDir=/Users/peter/Sites/development/dor-fetcher-service/jetty/solr/test/data/
Sep 19, 2014 10:45:15 AM org.apache.solr.core.SolrCore <init>
INFO: JMX monitoring not detected for core: test
Sep 19, 2014 10:45:15 AM org.apache.solr.core.SolrCore getNewIndexDir
WARNING: New index directory detected: old=null new=/Users/peter/Sites/development/dor-fetcher-service/jetty/solr/test/data/index/
Sep 19, 2014 10:45:15 AM org.apache.solr.core.CachingDirectoryFactory get
INFO: return new directory for /Users/peter/Sites/development/dor-fetcher-service/jetty/solr/test/data/index forceNew:false
Sep 19, 2014 10:45:15 AM org.apache.solr.core.RequestHandlers initHandlersFromConfig
INFO: created /get: solr.RealTimeGetHandler
Sep 19, 2014 10:45:15 AM org.apache.solr.core.RequestHandlers initHandlersFromConfig
INFO: adding lazy requestHandler: solr.ReplicationHandler
Sep 19, 2014 10:45:15 AM org.apache.solr.core.RequestHandlers initHandlersFromConfig
INFO: created /replication: solr.ReplicationHandler
Sep 19, 2014 10:45:15 AM org.apache.solr.core.RequestHandlers initHandlersFromConfig
INFO: created standard: solr.StandardRequestHandler
Sep 19, 2014 10:45:15 AM org.apache.solr.core.RequestHandlers initHandlersFromConfig
INFO: adding lazy requestHandler: solr.FieldAnalysisRequestHandler
Sep 19, 2014 10:45:15 AM org.apache.solr.core.RequestHandlers initHandlersFromConfig
INFO: created /analysis/field: solr.FieldAnalysisRequestHandler
Sep 19, 2014 10:45:15 AM org.apache.solr.core.RequestHandlers initHandlersFromConfig
INFO: created /update: solr.UpdateRequestHandler
Sep 19, 2014 10:45:15 AM org.apache.solr.core.RequestHandlers initHandlersFromConfig
INFO: created /admin/: org.apache.solr.handler.admin.AdminHandlers
Sep 19, 2014 10:45:15 AM org.apache.solr.core.RequestHandlers initHandlersFromConfig
INFO: created /admin/ping: solr.PingRequestHandler
Sep 19, 2014 10:45:15 AM org.apache.solr.handler.loader.XMLLoader init
INFO: xsltCacheLifetimeSeconds=60
Sep 19, 2014 10:45:15 AM org.apache.solr.search.SolrIndexSearcher <init>
INFO: Opening Searcher@408b6c39 main
Sep 19, 2014 10:45:15 AM org.apache.solr.update.CommitTracker <init>
INFO: Hard AutoCommit: disabled
Sep 19, 2014 10:45:15 AM org.apache.solr.update.CommitTracker <init>
INFO: Soft AutoCommit: disabled
Sep 19, 2014 10:45:15 AM org.apache.solr.core.SolrCore registerSearcher
INFO: [test] Registered new searcher Searcher@408b6c39 main{StandardDirectoryReader(segments_qfj:131322 _q4i(4.0.0.2):C19/10 _q4m(4.0.0.2):C2/1 _q4q(4.0.0.2):C1 _q5c(4.0.0.2):C1 _q5k(4.0.0.2):C2 _q5m(4.0.0.2):C3/2 _q76(4.0.0.2):C2 _q77(4.0.0.2):C1 _q78(4.0.0.2):C1)}
Sep 19, 2014 10:45:15 AM org.apache.solr.core.CoreContainer register
INFO: registering core: test
Sep 19, 2014 10:45:15 AM org.apache.solr.servlet.SolrDispatchFilter init
INFO: user.dir=/Users/peter/Sites/development/dor-fetcher-service/jetty
Sep 19, 2014 10:45:15 AM org.apache.solr.servlet.SolrDispatchFilter init
INFO: SolrDispatchFilter.init() done
2014-09-19 10:45:15.918:INFO::Started SocketConnector@0.0.0.0:8983
Sep 19, 2014 10:45:27 AM org.apache.solr.core.SolrCore execute
INFO: [dev] webapp=/solr path=/admin/system params={wt=json} status=0 QTime=78 
Sep 19, 2014 10:45:28 AM org.apache.solr.common.SolrException log
SEVERE: org.apache.solr.common.SolrException: Can not find: admin-extra.menu-top.html [/Users/peter/Sites/development/dor-fetcher-service/jetty/solr/dev/conf/admin-extra.menu-top.html]
	at org.apache.solr.handler.admin.ShowFileRequestHandler.showFromFileSystem(ShowFileRequestHandler.java:231)
	at org.apache.solr.handler.admin.ShowFileRequestHandler.handleRequestBody(ShowFileRequestHandler.java:122)
	at org.apache.solr.handler.RequestHandlerBase.handleRequest(RequestHandlerBase.java:129)
	at org.apache.solr.core.SolrCore.execute(SolrCore.java:1699)
	at org.apache.solr.servlet.SolrDispatchFilter.execute(SolrDispatchFilter.java:455)
	at org.apache.solr.servlet.SolrDispatchFilter.doFilter(SolrDispatchFilter.java:276)
	at org.mortbay.jetty.servlet.ServletHandler$CachedChain.doFilter(ServletHandler.java:1212)
	at org.mortbay.jetty.servlet.ServletHandler.handle(ServletHandler.java:399)
	at org.mortbay.jetty.security.SecurityHandler.handle(SecurityHandler.java:216)
	at org.mortbay.jetty.servlet.SessionHandler.handle(SessionHandler.java:182)
	at org.mortbay.jetty.handler.ContextHandler.handle(ContextHandler.java:766)
	at org.mortbay.jetty.webapp.WebAppContext.handle(WebAppContext.java:450)
	at org.mortbay.jetty.handler.ContextHandlerCollection.handle(ContextHandlerCollection.java:230)
	at org.mortbay.jetty.handler.HandlerCollection.handle(HandlerCollection.java:114)
	at org.mortbay.jetty.handler.HandlerWrapper.handle(HandlerWrapper.java:152)
	at org.mortbay.jetty.Server.handle(Server.java:326)
	at org.mortbay.jetty.HttpConnection.handleRequest(HttpConnection.java:542)
	at org.mortbay.jetty.HttpConnection$RequestHandler.headerComplete(HttpConnection.java:928)
	at org.mortbay.jetty.HttpParser.parseNext(HttpParser.java:549)
	at org.mortbay.jetty.HttpParser.parseAvailable(HttpParser.java:212)
	at org.mortbay.jetty.HttpConnection.handle(HttpConnection.java:404)
	at org.mortbay.jetty.bio.SocketConnector$Connection.run(SocketConnector.java:228)
	at org.mortbay.thread.QueuedThreadPool$PoolThread.run(QueuedThreadPool.java:582)

Sep 19, 2014 10:45:28 AM org.apache.solr.core.SolrCore execute
INFO: [dev] webapp=/solr path=/admin/file/ params={file=admin-extra.menu-top.html} status=400 QTime=2 
Sep 19, 2014 10:45:28 AM org.apache.solr.common.SolrException log
SEVERE: org.apache.solr.common.SolrException: Can not find: admin-extra.menu-bottom.html [/Users/peter/Sites/development/dor-fetcher-service/jetty/solr/dev/conf/admin-extra.menu-bottom.html]
	at org.apache.solr.handler.admin.ShowFileRequestHandler.showFromFileSystem(ShowFileRequestHandler.java:231)
	at org.apache.solr.handler.admin.ShowFileRequestHandler.handleRequestBody(ShowFileRequestHandler.java:122)
	at org.apache.solr.handler.RequestHandlerBase.handleRequest(RequestHandlerBase.java:129)
	at org.apache.solr.core.SolrCore.execute(SolrCore.java:1699)
	at org.apache.solr.servlet.SolrDispatchFilter.execute(SolrDispatchFilter.java:455)
	at org.apache.solr.servlet.SolrDispatchFilter.doFilter(SolrDispatchFilter.java:276)
	at org.mortbay.jetty.servlet.ServletHandler$CachedChain.doFilter(ServletHandler.java:1212)
	at org.mortbay.jetty.servlet.ServletHandler.handle(ServletHandler.java:399)
	at org.mortbay.jetty.security.SecurityHandler.handle(SecurityHandler.java:216)
	at org.mortbay.jetty.servlet.SessionHandler.handle(SessionHandler.java:182)
	at org.mortbay.jetty.handler.ContextHandler.handle(ContextHandler.java:766)
	at org.mortbay.jetty.webapp.WebAppContext.handle(WebAppContext.java:450)
	at org.mortbay.jetty.handler.ContextHandlerCollection.handle(ContextHandlerCollection.java:230)
	at org.mortbay.jetty.handler.HandlerCollection.handle(HandlerCollection.java:114)
	at org.mortbay.jetty.handler.HandlerWrapper.handle(HandlerWrapper.java:152)
	at org.mortbay.jetty.Server.handle(Server.java:326)
	at org.mortbay.jetty.HttpConnection.handleRequest(HttpConnection.java:542)
	at org.mortbay.jetty.HttpConnection$RequestHandler.headerComplete(HttpConnection.java:928)
	at org.mortbay.jetty.HttpParser.parseNext(HttpParser.java:549)
	at org.mortbay.jetty.HttpParser.parseAvailable(HttpParser.java:212)
	at org.mortbay.jetty.HttpConnection.handle(HttpConnection.java:404)
	at org.mortbay.jetty.bio.SocketConnector$Connection.run(SocketConnector.java:228)
	at org.mortbay.thread.QueuedThreadPool$PoolThread.run(QueuedThreadPool.java:582)

Sep 19, 2014 10:45:28 AM org.apache.solr.core.SolrCore execute
INFO: [dev] webapp=/solr path=/admin/file/ params={file=admin-extra.menu-bottom.html} status=400 QTime=1 
Sep 19, 2014 10:45:29 AM org.apache.solr.core.SolrCore execute
INFO: [dev] webapp=/solr path=/admin/luke params={numTerms=0&wt=json&show=index} status=0 QTime=15 
Sep 19, 2014 10:45:29 AM org.apache.solr.core.SolrCore execute
INFO: [dev] webapp=/solr path=/admin/file/ params={file=admin-extra.html} status=0 QTime=2 
Sep 19, 2014 10:45:29 AM org.apache.solr.handler.ReplicationHandler inform
INFO: Commits will be reserved for  10000
Sep 19, 2014 10:45:29 AM org.apache.solr.core.SolrCore execute
INFO: [dev] webapp=/solr path=/admin/ping params={action=status&wt=json} status=503 QTime=2 
Sep 19, 2014 10:45:29 AM org.apache.solr.core.SolrCore execute
INFO: [dev] webapp=/solr path=/replication params={command=details&wt=json} status=0 QTime=21 
